{
  "RSpec": {
    "coverage": {
      "/home/siedos/projects/local/queries/lib/queries.rb": {
        "lines": [
          1,
          1,
          1,
          null,
          1,
          null,
          null
        ]
      },
      "/home/siedos/projects/local/queries/lib/queries/base.rb": {
        "lines": [
          null,
          null,
          1,
          null,
          null,
          null,
          null,
          null,
          null,
          null,
          null,
          null,
          null,
          null,
          null,
          null,
          null,
          null,
          null,
          null,
          null,
          null,
          null,
          null,
          null,
          null,
          null,
          1,
          null,
          null,
          null,
          1,
          4,
          null,
          null,
          null,
          null,
          1,
          4,
          null,
          null,
          1,
          null,
          1,
          null,
          null,
          null,
          null,
          1,
          7,
          null,
          1,
          null,
          null,
          null,
          null,
          null,
          null,
          1,
          4,
          null,
          1,
          null,
          null,
          null,
          null,
          null,
          null,
          1,
          7,
          null,
          null,
          null,
          null,
          null,
          null,
          1,
          4,
          3,
          null,
          1,
          null,
          null,
          null,
          null,
          null,
          null,
          null,
          1,
          4,
          null,
          null,
          null,
          null,
          null,
          null,
          null,
          null,
          1,
          4,
          null,
          null,
          null
        ]
      }
    },
    "timestamp": 1742824334
  }
}
